TN:
SF:app.js
FN:16,(anonymous_0)
FN:40,(anonymous_1)
FN:50,(anonymous_2)
FN:60,(anonymous_3)
FNF:4
FNH:0
FNDA:0,(anonymous_0)
FNDA:0,(anonymous_1)
FNDA:0,(anonymous_2)
FNDA:0,(anonymous_3)
DA:11,0
DA:13,0
DA:14,0
DA:16,0
DA:17,0
DA:21,0
DA:22,0
DA:23,0
DA:26,0
DA:27,0
DA:28,0
DA:29,0
DA:30,0
DA:33,0
DA:34,0
DA:35,0
DA:36,0
DA:37,0
DA:40,0
DA:41,0
DA:42,0
DA:43,0
DA:44,0
DA:46,0
DA:50,0
DA:51,0
DA:52,0
DA:53,0
DA:54,0
DA:56,0
DA:60,0
DA:61,0
DA:64,0
LF:33
LH:0
BRF:0
BRH:0
end_of_record
TN:
SF:db.js
FNF:0
FNH:0
DA:4,3
DA:5,3
DA:7,3
DA:27,3
DA:39,3
DA:40,3
DA:41,0
DA:42,0
DA:43,0
DA:45,0
DA:50,0
LF:11
LH:6
BRDA:4,0,0,3
BRDA:4,0,1,3
BRDA:40,1,0,0
BRDA:40,1,1,3
BRF:4
BRH:3
end_of_record
TN:
SF:api/apps.js
FN:4,(anonymous_0)
FN:20,(anonymous_1)
FN:44,(anonymous_2)
FNF:3
FNH:2
FNDA:1,(anonymous_0)
FNDA:1,(anonymous_1)
FNDA:0,(anonymous_2)
DA:4,1
DA:5,1
DA:6,1
DA:7,1
DA:12,0
DA:15,0
DA:20,1
DA:21,1
DA:23,1
DA:24,1
DA:26,1
DA:27,1
DA:31,0
DA:36,0
DA:39,0
DA:44,1
DA:45,0
DA:47,0
DA:48,0
DA:49,0
DA:51,0
DA:56,0
LF:22
LH:11
BRDA:26,0,0,1
BRDA:26,0,1,0
BRF:2
BRH:1
end_of_record
TN:
SF:api/auth.js
FN:9,(anonymous_0)
FN:57,(anonymous_1)
FN:73,(anonymous_2)
FN:78,(anonymous_3)
FN:86,(anonymous_4)
FN:97,(anonymous_5)
FNF:6
FNH:6
FNDA:7,(anonymous_0)
FNDA:1,(anonymous_1)
FNDA:1,(anonymous_2)
FNDA:17,(anonymous_3)
FNDA:13,(anonymous_4)
FNDA:8,(anonymous_5)
DA:5,3
DA:6,3
DA:9,3
DA:10,7
DA:11,7
DA:13,7
DA:14,1
DA:18,6
DA:20,6
DA:21,0
DA:25,6
DA:27,6
DA:28,1
DA:32,5
DA:43,5
DA:45,5
DA:51,0
DA:52,0
DA:57,3
DA:58,1
DA:59,1
DA:61,1
DA:62,0
DA:65,1
DA:67,0
DA:68,0
DA:73,3
DA:74,1
DA:78,3
DA:79,17
DA:80,17
DA:82,17
DA:83,4
DA:86,13
DA:87,13
DA:88,1
DA:91,12
DA:92,12
DA:97,3
DA:98,8
DA:99,0
DA:101,8
LF:42
LH:35
BRDA:5,0,0,3
BRDA:5,0,1,3
BRDA:13,1,0,1
BRDA:13,1,1,6
BRDA:13,2,0,7
BRDA:13,2,1,6
BRDA:20,3,0,0
BRDA:20,3,1,6
BRDA:27,4,0,1
BRDA:27,4,1,5
BRDA:61,5,0,0
BRDA:61,5,1,1
BRDA:80,6,0,17
BRDA:80,6,1,13
BRDA:82,7,0,4
BRDA:82,7,1,13
BRDA:87,8,0,1
BRDA:87,8,1,12
BRDA:98,9,0,0
BRDA:98,9,1,8
BRF:20
BRH:17
end_of_record
TN:
SF:api/github.js
FN:7,parseGitHubUrl
FN:31,validateRepo
FN:74,getBranches
FN:93,(anonymous_3)
FNF:4
FNH:0
FNDA:0,parseGitHubUrl
FNDA:0,validateRepo
FNDA:0,getBranches
FNDA:0,(anonymous_3)
DA:8,0
DA:11,0
DA:14,0
DA:15,0
DA:16,0
DA:20,0
DA:21,0
DA:22,0
DA:25,0
DA:32,0
DA:34,0
DA:35,0
DA:38,0
DA:39,0
DA:41,0
DA:42,0
DA:44,0
DA:45,0
DA:48,0
DA:49,0
DA:52,0
DA:53,0
DA:56,0
DA:58,0
DA:64,0
DA:65,0
DA:67,0
DA:75,0
DA:77,0
DA:78,0
DA:81,0
DA:82,0
DA:84,0
DA:85,0
DA:87,0
DA:88,0
DA:91,0
DA:93,0
DA:95,0
DA:96,0
DA:98,0
LF:41
LH:0
BRDA:8,0,0,0
BRDA:8,0,1,0
BRDA:15,1,0,0
BRDA:15,1,1,0
BRDA:21,2,0,0
BRDA:21,2,1,0
BRDA:34,3,0,0
BRDA:34,3,1,0
BRDA:44,4,0,0
BRDA:44,4,1,0
BRDA:48,5,0,0
BRDA:48,5,1,0
BRDA:52,6,0,0
BRDA:52,6,1,0
BRDA:64,7,0,0
BRDA:64,7,1,0
BRDA:77,8,0,0
BRDA:77,8,1,0
BRDA:87,9,0,0
BRDA:87,9,1,0
BRDA:95,10,0,0
BRDA:95,10,1,0
BRF:22
BRH:0
end_of_record
TN:
SF:api/newApp.js
FN:3,(anonymous_0)
FNF:1
FNH:0
FNDA:0,(anonymous_0)
DA:3,0
DA:12,0
DA:15,0
DA:16,0
DA:21,0
DA:38,0
DA:41,0
DA:42,0
DA:49,0
DA:55,0
DA:60,0
DA:63,0
LF:12
LH:0
BRDA:15,0,0,0
BRDA:15,0,1,0
BRDA:15,1,0,0
BRDA:15,1,1,0
BRDA:24,2,0,0
BRDA:24,2,1,0
BRDA:25,3,0,0
BRDA:25,3,1,0
BRDA:26,4,0,0
BRDA:26,4,1,0
BRDA:27,5,0,0
BRDA:27,5,1,0
BRDA:28,6,0,0
BRDA:28,6,1,0
BRF:14
BRH:0
end_of_record
TN:
SF:api/synchronization.js
FN:8,(anonymous_0)
FN:50,(anonymous_1)
FN:107,(anonymous_2)
FN:164,(anonymous_3)
FN:193,(anonymous_4)
FN:222,(anonymous_5)
FN:249,(anonymous_6)
FN:278,(anonymous_7)
FNF:8
FNH:0
FNDA:0,(anonymous_0)
FNDA:0,(anonymous_1)
FNDA:0,(anonymous_2)
FNDA:0,(anonymous_3)
FNDA:0,(anonymous_4)
FNDA:0,(anonymous_5)
FNDA:0,(anonymous_6)
FNDA:0,(anonymous_7)
DA:8,0
DA:9,0
DA:10,0
DA:12,0
DA:13,0
DA:16,0
DA:17,0
DA:22,0
DA:23,0
DA:26,0
DA:27,0
DA:28,0
DA:31,0
DA:39,0
DA:45,0
DA:46,0
DA:50,0
DA:52,0
DA:53,0
DA:56,0
DA:57,0
DA:58,0
DA:59,0
DA:62,0
DA:63,0
DA:65,0
DA:66,0
DA:68,0
DA:69,0
DA:74,0
DA:82,0
DA:83,0
DA:97,0
DA:98,0
DA:99,0
DA:101,0
DA:106,0
DA:107,0
DA:109,0
DA:110,0
DA:120,0
DA:128,0
DA:131,0
DA:139,0
DA:142,0
DA:143,0
DA:151,0
DA:154,0
DA:164,0
DA:165,0
DA:168,0
DA:169,0
DA:171,0
DA:172,0
DA:179,0
DA:181,0
DA:183,0
DA:185,0
DA:187,0
DA:193,0
DA:194,0
DA:196,0
DA:198,0
DA:205,0
DA:211,0
DA:213,0
DA:217,0
DA:222,0
DA:223,0
DA:225,0
DA:226,0
DA:232,0
DA:238,0
DA:240,0
DA:244,0
DA:249,0
DA:250,0
DA:252,0
DA:257,0
DA:258,0
DA:260,0
DA:261,0
DA:263,0
DA:266,0
DA:272,0
DA:273,0
DA:278,0
DA:279,0
DA:281,0
DA:282,0
DA:287,0
DA:293,0
DA:294,0
DA:298,0
LF:94
LH:0
BRDA:16,0,0,0
BRDA:16,0,1,0
BRDA:50,1,0,0
BRDA:50,1,1,0
BRDA:63,2,0,0
BRDA:63,2,1,0
BRDA:68,3,0,0
BRDA:68,3,1,0
BRDA:90,4,0,0
BRDA:90,4,1,0
BRDA:122,5,0,0
BRDA:122,5,1,0
BRDA:124,6,0,0
BRDA:124,6,1,0
BRDA:157,7,0,0
BRDA:157,7,1,0
BRDA:171,8,0,0
BRDA:171,8,1,0
BRDA:171,9,0,0
BRDA:171,9,1,0
BRDA:179,10,0,0
BRDA:179,10,1,0
BRDA:179,10,2,0
BRDA:179,10,3,0
BRDA:211,11,0,0
BRDA:211,11,1,0
BRDA:211,12,0,0
BRDA:211,12,1,0
BRDA:238,13,0,0
BRDA:238,13,1,0
BRDA:238,14,0,0
BRDA:238,14,1,0
BRDA:257,15,0,0
BRDA:257,15,1,0
BRDA:260,16,0,0
BRDA:260,16,1,0
BRDA:293,17,0,0
BRDA:293,17,1,0
BRDA:293,18,0,0
BRDA:293,18,1,0
BRF:40
BRH:0
end_of_record
TN:
SF:api/users.js
FN:5,(anonymous_0)
FN:16,(anonymous_1)
FN:57,(anonymous_2)
FN:102,(anonymous_3)
FN:126,(anonymous_4)
FNF:5
FNH:4
FNDA:1,(anonymous_0)
FNDA:3,(anonymous_1)
FNDA:2,(anonymous_2)
FNDA:2,(anonymous_3)
FNDA:0,(anonymous_4)
DA:5,1
DA:6,1
DA:7,1
DA:8,1
DA:10,0
DA:11,0
DA:16,1
DA:17,3
DA:18,3
DA:20,3
DA:21,1
DA:24,2
DA:25,0
DA:29,2
DA:30,2
DA:31,1
DA:35,1
DA:36,1
DA:39,1
DA:44,1
DA:46,1
DA:51,0
DA:52,0
DA:57,1
DA:58,2
DA:59,2
DA:60,2
DA:62,2
DA:63,2
DA:64,1
DA:67,1
DA:68,0
DA:72,1
DA:73,0
DA:74,0
DA:75,0
DA:79,1
DA:81,1
DA:89,1
DA:91,1
DA:96,0
DA:97,0
DA:102,1
DA:103,2
DA:104,2
DA:107,2
DA:108,0
DA:111,2
DA:112,2
DA:113,1
DA:116,1
DA:118,1
DA:120,0
DA:121,0
DA:126,1
DA:127,0
DA:128,0
DA:129,0
DA:132,0
DA:133,0
DA:136,0
DA:137,0
DA:140,0
DA:141,0
DA:142,0
DA:146,0
DA:147,0
DA:148,0
DA:151,0
DA:152,0
DA:153,0
DA:158,0
DA:159,0
DA:161,0
DA:168,0
DA:170,0
DA:171,0
LF:77
LH:41
BRDA:18,0,0,1
BRDA:20,1,0,1
BRDA:20,1,1,2
BRDA:20,2,0,3
BRDA:20,2,1,3
BRDA:24,3,0,0
BRDA:24,3,1,2
BRDA:24,4,0,2
BRDA:24,4,1,0
BRDA:30,5,0,1
BRDA:30,5,1,1
BRDA:63,6,0,1
BRDA:63,6,1,1
BRDA:67,7,0,0
BRDA:67,7,1,1
BRDA:67,8,0,1
BRDA:67,8,1,1
BRDA:67,8,2,1
BRDA:72,9,0,0
BRDA:72,9,1,1
BRDA:72,10,0,1
BRDA:72,10,1,0
BRDA:74,11,0,0
BRDA:74,11,1,0
BRDA:87,12,0,1
BRDA:87,12,1,1
BRDA:87,13,0,1
BRDA:87,13,1,0
BRDA:107,14,0,0
BRDA:107,14,1,2
BRDA:112,15,0,1
BRDA:112,15,1,1
BRDA:132,16,0,0
BRDA:132,16,1,0
BRDA:132,17,0,0
BRDA:132,17,1,0
BRDA:136,18,0,0
BRDA:136,18,1,0
BRDA:141,19,0,0
BRDA:141,19,1,0
BRDA:146,20,0,0
BRDA:146,20,1,0
BRDA:147,21,0,0
BRDA:147,21,1,0
BRDA:152,22,0,0
BRDA:152,22,1,0
BRF:46
BRH:23
end_of_record
